This is pdfTeX, Version 3.14159265-2.6-1.40.20 (TeX Live 2019) (preloaded format=pdflatex 2019.5.8)  11 APR 2020 14:59
entering extended mode
 restricted \write18 enabled.
 file:line:error style messages enabled.
 %&-line parsing enabled.
**"/Users/sylvanm/Documents/School/Debate/Philosophies/Philosophy/TEX Stuff/book.tex"
(/Users/sylvanm/Documents/School/Debate/Philosophies/Philosophy/TEX Stuff/book.tex
LaTeX2e <2018-12-01>
(/usr/local/texlive/2019/texmf-dist/tex/latex/base/book.cls
Document Class: book 2018/09/03 v1.4i Standard LaTeX document class
(/usr/local/texlive/2019/texmf-dist/tex/latex/base/bk12.clo
File: bk12.clo 2018/09/03 v1.4i Standard LaTeX file (size option)
)
\c@part=\count80
\c@chapter=\count81
\c@section=\count82
\c@subsection=\count83
\c@subsubsection=\count84
\c@paragraph=\count85
\c@subparagraph=\count86
\c@figure=\count87
\c@table=\count88
\abovecaptionskip=\skip41
\belowcaptionskip=\skip42
\bibindent=\dimen102
) (/Users/sylvanm/Documents/School/Debate/Philosophies/Philosophy/TEX Stuff/book.aux (/Users/sylvanm/Documents/School/Debate/Philosophies/Philosophy/TEX Stuff/chapter1.aux) (/Users/sylvanm/Documents/School/Debate/Philosophies/Philosophy/TEX Stuff/chapter2.aux) (/Users/sylvanm/Documents/School/Debate/Philosophies/Philosophy/TEX Stuff/chapter3.aux))
\openout1 = `book.aux'.

LaTeX Font Info:    Checking defaults for OML/cmm/m/it on input line 36.
LaTeX Font Info:    ... okay on input line 36.
LaTeX Font Info:    Checking defaults for T1/cmr/m/n on input line 36.
LaTeX Font Info:    ... okay on input line 36.
LaTeX Font Info:    Checking defaults for OT1/cmr/m/n on input line 36.
LaTeX Font Info:    ... okay on input line 36.
LaTeX Font Info:    Checking defaults for OMS/cmsy/m/n on input line 36.
LaTeX Font Info:    ... okay on input line 36.
LaTeX Font Info:    Checking defaults for OMX/cmex/m/n on input line 36.
LaTeX Font Info:    ... okay on input line 36.
LaTeX Font Info:    Checking defaults for U/cmr/m/n on input line 36.
LaTeX Font Info:    ... okay on input line 36.
LaTeX Font Info:    External font `cmex10' loaded for size
(Font)              <14.4> on input line 38.
LaTeX Font Info:    External font `cmex10' loaded for size
(Font)              <7> on input line 38.
 [1


{/usr/local/texlive/2019/texmf-var/fonts/map/pdftex/updmap/pdftex.map}]
\openout2 = `chapter1.aux'.

 (/Users/sylvanm/Documents/School/Debate/Philosophies/Philosophy/TEX Stuff/chapter1.tex [2


]
Chapter 1.

Underfull \vbox (badness 10000) has occurred while \output is active []

 [3]) [4]
\openout2 = `chapter2.aux'.

 (/Users/sylvanm/Documents/School/Debate/Philosophies/Philosophy/TEX Stuff/chapter2.tex
Chapter 2.
) [5



]
\openout2 = `chapter3.aux'.

 (/Users/sylvanm/Documents/School/Debate/Philosophies/Philosophy/TEX Stuff/chapter3.tex [6



]
Chapter 3.
) [7] (/Users/sylvanm/Documents/School/Debate/Philosophies/Philosophy/TEX Stuff/book.aux (/Users/sylvanm/Documents/School/Debate/Philosophies/Philosophy/TEX Stuff/chapter1.aux) (/Users/sylvanm/Documents/School/Debate/Philosophies/Philosophy/TEX Stuff/chapter2.aux) (/Users/sylvanm/Documents/School/Debate/Philosophies/Philosophy/TEX Stuff/chapter3.aux)) ) 
Here is how much of TeX's memory you used:
 261 strings out of 492616
 4780 string characters out of 6129482
 62252 words of memory out of 5000000
 4241 multiletter control sequences out of 15000+600000
 6108 words of font info for 22 fonts, out of 8000000 for 9000
 1141 hyphenation exceptions out of 8191
 23i,6n,19p,253b,177s stack positions out of 5000i,500n,10000p,200000b,80000s
</usr/local/texlive/2019/texmf-dist/fonts/type1/public/amsfonts/cm/cmbx12.pfb></usr/local/texlive/2019/texmf-dist/fonts/type1/public/amsfonts/cm/cmr12.pfb></usr/local/texlive/2019/texmf-dist/fonts/type1/public/amsfonts/cm/cmr17.pfb></usr/local/texlive/2019/texmf-dist/fonts/type1/public/amsfonts/cm/cmsl12.pfb>
Output written on "/Users/sylvanm/Documents/School/Debate/Philosophies/Philosophy/TEX Stuff/book.pdf" (7 pages, 53376 bytes).
PDF statistics:
 44 PDF objects out of 1000 (max. 8388607)
 30 compressed objects within 1 object stream
 0 named destinations out of 1000 (max. 500000)
 1 words of extra memory for PDF output out of 10000 (max. 10000000)

